autotakeawayForTV/proguard/seeds.txt
com.onekey.hc8000.LoginActivity
com.onekey.hc8000.LoginActivity: LoginActivity()
com.onekey.hc8000.MainActivity
com.onekey.hc8000.MainActivity: MainActivity()
com.onekey.hc8000.tabview.TabView
com.onekey.hc8000.tabview.TabView: TabView(android.content.Context,android.util.AttributeSet)
com.onekey.hc8000.tabview.TabView: TabView(android.content.Context,android.util.AttributeSet,int)