autotakeawayForTV/proguard/mapping.txt
com.onekey.hc8000.ux.AbsDialogViewAutoDismiss -> com.onekey.hc8000.b.g:
    void confirmDismiss() -> c
com.onekey.hc8000.ux.DemoView -> com.onekey.hc8000.b.h:
    int[] getBarLnDefaultSpadding() -> a
    void onSizeChanged(int,int,int,int) -> onSizeChanged
com.onekey.hc8000.ux.OnMultiClickListener$OnClick -> com.onekey.hc8000.b.i:
    void onMultiClick$3c7ec8c3() -> a
    void onClick(android.view.View) -> onClick
com.onekey.hc8000.ux.ScatterChart01View -> com.onekey.hc8000.b.j:
    java.lang.String TAG -> a
    org.xclcharts.chart.ScatterChart chart -> b
    java.util.LinkedList labels -> c
    java.util.List chartData -> d
    double[] mShowDataX -> e
    double[] mShowDataY -> f
    double maxX -> g
    double minX -> h
    double maxY -> i
    double minY -> j
    void setData(com.onekey.common.TwoTuple) -> a
    void onSizeChanged(int,int,int,int) -> onSizeChanged
    void chartRender() -> b
    void chartDataSet() -> c
    void chartLabels() -> d
    void render(android.graphics.Canvas) -> a
    boolean onTouchEvent(android.view.MotionEvent) -> onTouchEvent
com.onekey.hc8000.ux.ScatterChart01View$1 -> com.onekey.hc8000.b.k:
    java.lang.String textFormatter(java.lang.String) -> a
com.onekey.hc8000.ux.SplineChart01View -> com.onekey.hc8000.b.l:
    java.lang.String TAG -> a
    org.xclcharts.chart.SplineChart chart -> b
    java.util.LinkedList labels -> c
    java.util.LinkedList chartData -> d
    double[] mShowData -> e
    void setData(double[]) -> a
    void onSizeChanged(int,int,int,int) -> onSizeChanged
    void chartRender() -> b
    void chartDataSet() -> c
    void chartLabels() -> d
    void render(android.graphics.Canvas) -> a
    boolean onTouchEvent(android.view.MotionEvent) -> onTouchEvent
com.onekey.hc8000.ux.SplineChart01View$1 -> com.onekey.hc8000.b.m:
    java.lang.String textFormatter(java.lang.String) -> a
com.vilyever.socketclient.LogUtils -> com.a.a.a:
    java.lang.String customTagPrefix -> a
    boolean allowI -> b
    java.lang.String TAG -> c
    void i(java.lang.String) -> a
com.vilyever.socketclient.SocketClient -> com.a.a.b:
    com.vilyever.socketclient.SocketClient self -> e
    boolean mRunStatus -> a
    com.vilyever.socketclient.helper.SocketClientAddress address -> b
    java.lang.String charsetName -> c
    com.vilyever.socketclient.helper.SocketPacketHelper socketPacketHelper -> d
    com.vilyever.socketclient.helper.SocketHeartBeatHelper heartBeatHelper -> f
    java.net.Socket runningSocket -> g
    com.vilyever.socketclient.helper.SocketInputReader socketInputReader -> h
    com.vilyever.socketclient.helper.SocketConfigure socketConfigure -> i
    com.vilyever.socketclient.SocketClient$State state -> j
    boolean disconnecting -> k
    java.util.concurrent.LinkedBlockingQueue sendingPacketQueue -> l
    android.os.CountDownTimer hearBeatCountDownTimer -> m
    long lastSendHeartBeatMessageTime -> n
    long lastReceiveMessageTime -> o
    long lastSendMessageTime -> p
    com.vilyever.socketclient.helper.SocketPacket sendingPacket -> q
    com.vilyever.socketclient.helper.SocketResponsePacket receivingResponsePacket -> r
    long lastReceiveProgressCallbackTime -> s
    com.vilyever.socketclient.SocketClient$ConnectionThread connectionThread -> t
    com.vilyever.socketclient.SocketClient$DisconnectionThread disconnectionThread -> u
    com.vilyever.socketclient.SocketClient$SendThread sendThread -> v
    com.vilyever.socketclient.SocketClient$ReceiveThread receiveThread -> w
    java.util.ArrayList socketClientDelegates -> x
com.vilyever.socketclient.SocketClient$1 -> com.a.a.c:
    com.vilyever.socketclient.SocketClient this$0 -> a
    com.vilyever.socketclient.helper.SocketPacket val$packet -> b
    void run() -> run
com.vilyever.socketclient.SocketClient$10 -> com.a.a.d:
    com.vilyever.socketclient.SocketClient this$0 -> a
    com.vilyever.socketclient.helper.SocketResponsePacket val$responsePacket -> b
    void run() -> run