autotakeawayForTV/proguard/usage.txt
android.support.v4.net.TrafficStatsCompat$BaseTrafficStatsCompatImpl$1
android.support.v4.net.TrafficStatsCompat$BaseTrafficStatsCompatImpl$SocketTags
android.support.v4.net.TrafficStatsCompat$IcsTrafficStatsCompatImpl
android.support.v4.net.TrafficStatsCompat$TrafficStatsCompatImpl
android.support.v4.net.TrafficStatsCompatIcs
android.support.v4.os.AsyncTaskCompat
android.support.v4.os.AsyncTaskCompatHoneycomb
android.support.v4.os.EnvironmentCompat
android.support.v4.os.EnvironmentCompatKitKat
android.support.v4.os.ParcelableCompat
android.support.v4.os.ParcelableCompat$CompatCreator
android.support.v4.os.ParcelableCompatCreatorCallbacks
android.support.v4.os.ParcelableCompatCreatorHoneycombMR2
android.support.v4.os.ParcelableCompatCreatorHoneycombMR2Stub
android.support.v4.os.TraceCompat
android.support.v4.os.TraceJellybeanMR2
android.support.v4.print.PrintHelper
android.support.v4.print.PrintHelper$1
android.support.v4.print.PrintHelper$OnPrintFinishCallback
android.support.v4.print.PrintHelper$PrintHelperKitkatImpl
android.support.v4.print.PrintHelper$PrintHelperKitkatImpl$1
android.support.v4.print.PrintHelper$PrintHelperKitkatImpl$2
android.support.v4.print.PrintHelper$PrintHelperStubImpl
android.support.v4.print.PrintHelper$PrintHelperVersionImpl
android.support.v4.print.PrintHelperKitkat
android.support.v4.print.PrintHelperKitkat$1
android.support.v4.print.PrintHelperKitkat$2
android.support.v4.print.PrintHelperKitkat$2$1
android.support.v4.print.PrintHelperKitkat$2$1$1
android.support.v4.print.PrintHelperKitkat$OnPrintFinishCallback
android.support.v4.provider.DocumentFile
android.support.v4.provider.DocumentsContractApi19
android.support.v4.provider.DocumentsContractApi21
android.support.v4.provider.RawDocumentFile
android.support.v4.provider.SingleDocumentFile
android.support.v4.provider.TreeDocumentFile
android.support.v4.speech.tts.TextToSpeechICS
android.support.v4.speech.tts.TextToSpeechICSMR1
android.support.v4.speech.tts.TextToSpeechICSMR1$1
android.support.v4.speech.tts.TextToSpeechICSMR1$2
android.support.v4.speech.tts.TextToSpeechICSMR1$UtteranceProgressListenerICSMR1
android.support.v4.text.BidiFormatter
android.support.v4.text.BidiFormatter$1
android.support.v4.text.BidiFormatter$Builder
android.support.v4.text.BidiFormatter$DirectionalityEstimator
android.support.v4.text.ICUCompat
android.support.v4.text.ICUCompat$ICUCompatImpl
android.support.v4.text.ICUCompat$ICUCompatImplBase
android.support.v4.text.ICUCompat$ICUCompatImplIcs
android.support.v4.text.ICUCompatIcs
android.support.v4.text.TextDirectionHeuristicCompat
android.support.v4.text.TextDirectionHeuristicsCompat
android.support.v4.text.TextDirectionHeuristicsCompat$1
android.support.v4.text.TextDirectionHeuristicsCompat$AnyStrong
android.support.v4.text.TextDirectionHeuristicsCompat$FirstStrong
android.support.v4.text.TextDirectionHeuristicsCompat$TextDirectionAlgorithm
android.support.v4.text.TextDirectionHeuristicsCompat$TextDirectionHeuristicImpl
android.support.v4.text.TextDirectionHeuristicsCompat$TextDirectionHeuristicInternal
android.support.v4.text.TextDirectionHeuristicsCompat$TextDirectionHeuristicLocale
android.support.v4.text.TextUtilsCompat
android.support.v4.util.ArrayMap
android.support.v4.util.ArrayMap$1
android.support.v4.util.AtomicFile
android.support.v4.util.CircularArray
android.support.v4.util.CircularIntArray
android.support.v4.util.ContainerHelpers
android.support.v4.util.DebugUtils
android.support.v4.util.LogWriter
android.support.v4.util.LongSparseArray
android.support.v4.util.LruCache
android.support.v4.util.MapCollections
android.support.v4.util.MapCollections$ArrayIterator
android.support.v4.util.MapCollections$EntrySet
android.support.v4.util.MapCollections$KeySet
android.support.v4.util.MapCollections$MapIterator
android.support.v4.util.MapCollections$ValuesCollection
android.support.v4.util.Pair
android.support.v4.util.Pools
android.support.v4.util.Pools$Pool
android.support.v4.util.Pools$SimplePool